\BOOKMARK [0][-]{section*.1}{\376\377\000C\000o\000n\000t\000e\000n\000t\000s}{}% 1
\BOOKMARK [0][-]{chapter.1}{\376\377\000I\000n\000t\000r\000o\000d\000u\000c\000t\000i\000o\000n}{}% 2
\BOOKMARK [1][-]{section.1.1}{\376\377\000W\000h\000a\000t\000\040\000i\000s\000\040\000t\000h\000i\000s\000\040\000b\000o\000o\000k}{chapter.1}% 3
\BOOKMARK [1][-]{section.1.2}{\376\377\000W\000h\000o\000\040\000i\000s\000\040\000t\000h\000i\000s\000\040\000b\000o\000o\000k\000\040\000a\000i\000m\000e\000d\000\040\000a\000t}{chapter.1}% 4
\BOOKMARK [1][-]{section.1.3}{\376\377\000W\000h\000a\000t\000\040\000i\000s\000\040\000i\000n\000s\000i\000d\000e\000\040\000t\000h\000i\000s\000\040\000b\000o\000o\000k\000?}{chapter.1}% 5
\BOOKMARK [0][-]{chapter.2}{\376\377\000L\000e\000t\000'\000s\000\040\000g\000e\000t\000\040\000s\000t\000a\000r\000t\000e\000d}{}% 6
\BOOKMARK [1][-]{section.2.1}{\376\377\000B\000e\000f\000o\000r\000e\000\040\000w\000e\000\040\000b\000e\000g\000i\000n}{chapter.2}% 7
\BOOKMARK [1][-]{section.2.2}{\376\377\000W\000h\000a\000t\000\040\000m\000a\000k\000e\000s\000\040\000a\000\040\000s\000y\000s\000t\000e\000m}{chapter.2}% 8
\BOOKMARK [2][-]{section*.2}{\376\377\000T\000h\000e\000\040\000O\000p\000e\000r\000a\000t\000i\000n\000g\000\040\000S\000y\000s\000t\000e\000m}{section.2.2}% 9
\BOOKMARK [2][-]{section*.3}{\376\377\000T\000h\000e\000\040\000d\000i\000s\000p\000l\000a\000y\000\040\000s\000e\000r\000v\000e\000r}{section.2.2}% 10
\BOOKMARK [2][-]{section*.4}{\376\377\000T\000h\000e\000\040\000w\000i\000n\000d\000o\000w\000\040\000m\000a\000n\000a\000g\000e\000r}{section.2.2}% 11
\BOOKMARK [2][-]{section*.5}{\376\377\000T\000h\000e\000\040\000b\000a\000r}{section.2.2}% 12
\BOOKMARK [2][-]{section*.6}{\376\377\000T\000h\000e\000\040\000a\000p\000p\000l\000i\000c\000a\000t\000i\000o\000n\000\040\000l\000a\000u\000n\000c\000h\000e\000r}{section.2.2}% 13
\BOOKMARK [2][-]{section*.7}{\376\377\000T\000h\000e\000\040\000t\000e\000r\000m\000i\000n\000a\000l\000\040\000e\000m\000u\000l\000a\000t\000o\000r}{section.2.2}% 14
\BOOKMARK [2][-]{section*.8}{\376\377\000T\000h\000e\000\040\000s\000h\000e\000l\000l}{section.2.2}% 15
\BOOKMARK [2][-]{section*.9}{\376\377\000T\000h\000e\000\040\000f\000i\000l\000e\000\040\000m\000a\000n\000a\000g\000e\000r}{section.2.2}% 16
\BOOKMARK [2][-]{section*.10}{\376\377\000T\000h\000e\000\040\000n\000o\000t\000i\000f\000i\000c\000a\000t\000i\000o\000n\000\040\000d\000e\000a\000m\000o\000n}{section.2.2}% 17
\BOOKMARK [2][-]{section*.11}{\376\377\000T\000h\000e\000\040\000c\000o\000m\000p\000o\000s\000i\000t\000o\000r}{section.2.2}% 18
\BOOKMARK [2][-]{section*.12}{\376\377\000T\000h\000e\000\040\000w\000a\000l\000l\000p\000a\000p\000e\000r}{section.2.2}% 19
\BOOKMARK [2][-]{section*.13}{\376\377\000T\000h\000e\000\040\000c\000o\000l\000o\000r\000\040\000s\000c\000h\000e\000m\000e}{section.2.2}% 20
\BOOKMARK [2][-]{section*.14}{\376\377\000T\000h\000e\000\040\000f\000o\000n\000t\000s}{section.2.2}% 21
\BOOKMARK [2][-]{section*.15}{\376\377\000T\000h\000e\000\040\000a\000u\000d\000i\000o\000\040\000s\000y\000s\000t\000e\000m}{section.2.2}% 22
\BOOKMARK [2][-]{section*.16}{\376\377\000T\000h\000e\000\040\000m\000u\000s\000i\000c\000\040\000p\000l\000a\000y\000e\000r}{section.2.2}% 23
\BOOKMARK [2][-]{section*.17}{\376\377\000S\000y\000s\000t\000e\000m\000\040\000m\000o\000n\000i\000t\000o\000r}{section.2.2}% 24
\BOOKMARK [2][-]{section*.18}{\376\377\000T\000h\000e\000\040\000l\000o\000c\000k\000s\000c\000r\000e\000e\000n}{section.2.2}% 25
\BOOKMARK [2][-]{section*.19}{\376\377\000T\000h\000e\000\040\000p\000o\000w\000e\000r\000\040\000m\000e\000n\000u}{section.2.2}% 26
\BOOKMARK [2][-]{section*.20}{\376\377\000S\000c\000r\000e\000e\000n\000s\000h\000o\000t\000s}{section.2.2}% 27
\BOOKMARK [2][-]{section*.21}{\376\377\000C\000l\000i\000p\000b\000o\000a\000r\000d\000\040\000m\000a\000n\000a\000g\000e\000r}{section.2.2}% 28
\BOOKMARK [2][-]{section*.22}{\376\377\000C\000o\000n\000f\000i\000g\000u\000r\000a\000t\000i\000o\000n\000\040\000F\000i\000l\000e\000s}{section.2.2}% 29
\BOOKMARK [2][-]{section*.23}{\376\377\000D\000o\000t\000f\000i\000l\000e\000\040\000M\000a\000n\000a\000g\000m\000e\000n\000t}{section.2.2}% 30
\BOOKMARK [2][-]{section*.24}{\376\377\000M\000i\000s\000c\000e\000l\000l\000a\000n\000e\000o\000u\000s\000\040\000c\000o\000o\000l\000\040\000s\000t\000u\000f\000f}{section.2.2}% 31
\BOOKMARK [2][-]{section*.25}{\376\377\000B\000r\000o\000w\000s\000e\000r}{section.2.2}% 32
\BOOKMARK [2][-]{section*.26}{\376\377\000A\000p\000p\000l\000i\000c\000a\000t\000i\000o\000n\000\040\000T\000h\000e\000m\000i\000n\000g}{section.2.2}% 33
\BOOKMARK [2][-]{section*.27}{\376\377\000S\000c\000r\000i\000p\000t\000s\000\040\000a\000n\000d\000\040\000A\000u\000t\000o\000m\000a\000t\000i\000o\000n}{section.2.2}% 34
\BOOKMARK [2][-]{section*.28}{\376\377\000L\000o\000g\000i\000n\000\040\000M\000a\000n\000a\000g\000e\000r}{section.2.2}% 35
\BOOKMARK [1][-]{section.2.3}{\376\377\000G\000o\000i\000n\000g\000\040\000F\000o\000r\000w\000a\000r\000d}{chapter.2}% 36
\BOOKMARK [0][-]{chapter.3}{\376\377\000B\000a\000s\000e\000\040\000C\000o\000n\000f\000i\000g\000u\000r\000a\000t\000i\000o\000n}{}% 37
\BOOKMARK [1][-]{section.3.1}{\376\377\000T\000h\000e\000\040\000O\000p\000e\000r\000a\000t\000i\000n\000g\000\040\000S\000y\000s\000t\000e\000m}{chapter.3}% 38
\BOOKMARK [2][-]{section*.29}{\376\377\000D\000e\000b\000i\000a\000n}{section.3.1}% 39
\BOOKMARK [2][-]{section*.30}{\376\377\000A\000r\000c\000h}{section.3.1}% 40
\BOOKMARK [2][-]{section*.31}{\376\377\000F\000e\000d\000o\000r\000a}{section.3.1}% 41
\BOOKMARK [1][-]{section.3.2}{\376\377\000D\000i\000s\000p\000l\000a\000y\000\040\000S\000e\000r\000v\000e\000r}{chapter.3}% 42
\BOOKMARK [2][-]{section*.32}{\376\377\000X\0001\0001}{section.3.2}% 43
\BOOKMARK [2][-]{section*.33}{\376\377\000W\000a\000y\000l\000a\000n\000d}{section.3.2}% 44
